<?xml version="1.0" encoding="UTF-8"?>
<!-- Generated by org.testng.reporters.JUnitXMLReporter -->
<testsuite ignored="0" hostname="ABS-30" failures="1" tests="11" name="Test" time="226.053" errors="0" timestamp="2023-11-03T11:36:03 IST">
  <testcase classname="Dummydata.getivity" name="createclient" time="56.645"/>
  <testcase classname="Dummydata.getivity" name="createcontact" time="49.622"/>
  <testcase classname="Dummydata.getivity" name="create_role" time="48.72">
    <failure type="org.openqa.selenium.NoSuchElementException" message="Unable to locate element: //div[@class=&amp;apos;css-njbp03&amp;apos;]
For documentation on this error, please visit: https://www.selenium.dev/documentation/webdriver/troubleshooting/errors#no-such-element-exception
Build info: version: &amp;apos;4.12.1&amp;apos;, revision: &amp;apos;8e34639b11&amp;apos;
System info: os.name: &amp;apos;Windows 10&amp;apos;, os.arch: &amp;apos;amd64&amp;apos;, os.version: &amp;apos;10.0&amp;apos;, java.version: &amp;apos;21&amp;apos;
Driver info: org.openqa.selenium.firefox.FirefoxDriver
Command: [139eca49-21d3-471c-a77b-dab401f20859, findElement {using=xpath, value=//div[@class=&amp;apos;css-njbp03&amp;apos;]}]
Capabilities {acceptInsecureCerts: true, browserName: firefox, browserVersion: 119.0, moz:accessibilityChecks: false, moz:buildID: 20231019122658, moz:debuggerAddress: 127.0.0.1:46545, moz:geckodriverVersion: 0.33.0, moz:headless: false, moz:platformVersion: 10.0, moz:processID: 13536, moz:profile: C:\Users\ABS\AppData\Local\..., moz:shutdownTimeout: 60000, moz:webdriverClick: true, moz:windowless: false, pageLoadStrategy: normal, platformName: windows, proxy: Proxy(), se:cdp: ws://127.0.0.1:46545/devtoo..., se:cdpVersion: 85.0, setWindowRect: true, strictFileInteractability: false, timeouts: {implicit: 0, pageLoad: 300000, script: 30000}, unhandledPromptBehavior: dismiss and notify}
Session ID: 139eca49-21d3-471c-a77b-dab401f20859">
      <![CDATA[org.openqa.selenium.NoSuchElementException: Unable to locate element: //div[@class='css-njbp03']
For documentation on this error, please visit: https://www.selenium.dev/documentation/webdriver/troubleshooting/errors#no-such-element-exception
Build info: version: '4.12.1', revision: '8e34639b11'
System info: os.name: 'Windows 10', os.arch: 'amd64', os.version: '10.0', java.version: '21'
Driver info: org.openqa.selenium.firefox.FirefoxDriver
Command: [139eca49-21d3-471c-a77b-dab401f20859, findElement {using=xpath, value=//div[@class='css-njbp03']}]
Capabilities {acceptInsecureCerts: true, browserName: firefox, browserVersion: 119.0, moz:accessibilityChecks: false, moz:buildID: 20231019122658, moz:debuggerAddress: 127.0.0.1:46545, moz:geckodriverVersion: 0.33.0, moz:headless: false, moz:platformVersion: 10.0, moz:processID: 13536, moz:profile: C:\Users\ABS\AppData\Local\..., moz:shutdownTimeout: 60000, moz:webdriverClick: true, moz:windowless: false, pageLoadStrategy: normal, platformName: windows, proxy: Proxy(), se:cdp: ws://127.0.0.1:46545/devtoo..., se:cdpVersion: 85.0, setWindowRect: true, strictFileInteractability: false, timeouts: {implicit: 0, pageLoad: 300000, script: 30000}, unhandledPromptBehavior: dismiss and notify}
Session ID: 139eca49-21d3-471c-a77b-dab401f20859
at org.openqa.selenium.remote.codec.w3c.W3CHttpResponseCodec.createException(W3CHttpResponseCodec.java:200)
at org.openqa.selenium.remote.codec.w3c.W3CHttpResponseCodec.decode(W3CHttpResponseCodec.java:133)
at org.openqa.selenium.remote.codec.w3c.W3CHttpResponseCodec.decode(W3CHttpResponseCodec.java:52)
at org.openqa.selenium.remote.HttpCommandExecutor.execute(HttpCommandExecutor.java:191)
at org.openqa.selenium.remote.service.DriverCommandExecutor.invokeExecute(DriverCommandExecutor.java:196)
at org.openqa.selenium.remote.service.DriverCommandExecutor.execute(DriverCommandExecutor.java:171)
at org.openqa.selenium.remote.RemoteWebDriver.execute(RemoteWebDriver.java:602)
at org.openqa.selenium.remote.ElementLocation$ElementFinder$2.findElement(ElementLocation.java:165)
at org.openqa.selenium.remote.ElementLocation.findElement(ElementLocation.java:59)
at org.openqa.selenium.remote.RemoteWebDriver.findElement(RemoteWebDriver.java:359)
at org.openqa.selenium.remote.RemoteWebDriver.findElement(RemoteWebDriver.java:353)
at Dummydata.getivity.create_role(getivity.java:204)
at java.base/java.util.ArrayList.forEach(ArrayList.java:1596)
... Removed 28 stack frames]]>
    </failure>
  </testcase> <!-- create_role -->
  <testcase classname="Dummydata.getivity" name="create_and_assign_role" time="0.0">
    <skipped/>
  </testcase> <!-- create_and_assign_role -->
  <testcase classname="Dummydata.getivity" name="create_assign_multiple_roles" time="0.001">
    <skipped/>
  </testcase> <!-- create_assign_multiple_roles -->
  <testcase classname="Dummydata.getivity" name="create_project_type" time="0.0">
    <skipped/>
  </testcase> <!-- create_project_type -->
  <testcase classname="Dummydata.getivity" name="create_new_common_activity" time="0.0">
    <skipped/>
  </testcase> <!-- create_new_common_activity -->
  <testcase classname="Dummydata.getivity" name="create_new_uncommon_activity" time="0.0">
    <skipped/>
  </testcase> <!-- create_new_uncommon_activity -->
  <testcase classname="Dummydata.getivity" name="create_new_activity_existingprojects" time="0.0">
    <skipped/>
  </testcase> <!-- create_new_activity_existingprojects -->
  <testcase classname="Dummydata.getivity" name="create_billable_activity" time="0.0">
    <skipped/>
  </testcase> <!-- create_billable_activity -->
  <testcase classname="Dummydata.getivity" name="create_common_existing_activity" time="0.0">
    <skipped/>
  </testcase> <!-- create_common_existing_activity -->
</testsuite> <!-- Test -->
